0 info it worked if it ends with ok
1 verbose cli [ '/usr/bin/nodejs', '/usr/bin/npm', 'run', 'devstart' ]
2 info using npm@3.5.2
3 info using node@v4.7.2
4 verbose run-script [ 'predevstart', 'devstart', 'postdevstart' ]
5 info lifecycle library@0.0.1~predevstart: library@0.0.1
6 silly lifecycle library@0.0.1~predevstart: no script for predevstart, continuing
7 info lifecycle library@0.0.1~devstart: library@0.0.1
8 verbose lifecycle library@0.0.1~devstart: unsafe-perm in lifecycle true
9 verbose lifecycle library@0.0.1~devstart: PATH: /usr/share/npm/bin/node-gyp-bin:/home/aravind/nodejs/library/library/node_modules/.bin:/home/aravind/bin:/home/aravind/.local/bin:/usr/local/sbin:/usr/local/bin:/usr/sbin:/usr/bin:/sbin:/bin:/usr/games:/usr/local/games:/snap/bin
10 verbose lifecycle library@0.0.1~devstart: CWD: /home/aravind/nodejs/library/library
11 silly lifecycle library@0.0.1~devstart: Args: [ '-c', 'nodemon ./bin/www' ]
12 info lifecycle library@0.0.1~devstart: Failed to exec devstart script
13 verbose stack Error: library@0.0.1 devstart: `nodemon ./bin/www`
13 verbose stack spawn ENOENT
13 verbose stack     at ChildProcess.<anonymous> (/usr/share/npm/lib/utils/spawn.js:17:16)
13 verbose stack     at emitTwo (events.js:87:13)
13 verbose stack     at ChildProcess.emit (events.js:172:7)
13 verbose stack     at maybeClose (internal/child_process.js:854:16)
13 verbose stack     at Process.ChildProcess._handle.onexit (internal/child_process.js:222:5)
14 verbose pkgid library@0.0.1
15 verbose cwd /home/aravind/nodejs/library/library
16 error Linux 4.10.0-37-generic
17 error argv "/usr/bin/nodejs" "/usr/bin/npm" "run" "devstart"
18 error node v4.7.2
19 error npm  v3.5.2
20 error file sh
21 error code ELIFECYCLE
22 error errno ENOENT
23 error syscall spawn
24 error library@0.0.1 devstart: `nodemon ./bin/www`
24 error spawn ENOENT
25 error Failed at the library@0.0.1 devstart script 'nodemon ./bin/www'.
25 error Make sure you have the latest version of node.js and npm installed.
25 error If you do, this is most likely a problem with the library package,
25 error not with npm itself.
25 error Tell the author that this fails on your system:
25 error     nodemon ./bin/www
25 error You can get information on how to open an issue for this project with:
25 error     npm bugs library
25 error Or if that isn't available, you can get their info via:
25 error     npm owner ls library
25 error There is likely additional logging output above.
26 verbose exit [ 1, true ]
